105.901 496.491 55.1736 460.003 2
54.3431 460.672 10.515 430.786 2
538.859 218.278 532.894 246.827 0
224.226 573.969 126.783 508.89 2
844.861 119.961 852.073 98.5979 2
243.33 586.557 225.515 575.101 2
174.648 586.34 202.536 600.581 2
145.272 567.494 173.548 583.635 2
87.9566 94.7378 356.362 344.926 4
499.007 240.127 528.354 218.435 1
29.6708 496.006 53.6734 510.052 2
266.608 599.792 245.616 586.34 2
110.382 528.508 65.8485 500.272 2
177.675 576.347 151.477 560.013 2
73.0215 502.044 94.0463 514.912 2
205.846 589.028 240.952 611.361 2
386.115 321.341 416.448 300.578 1
457.561 270.364 485.752 250.808 1
249.455 617.972 224.163 604.781 2
513.945 254.963 494.372 277.013 5
66.8644 499.387 42.6685 477.377 5
53.9389 511.699 94.3377 534.75 2
144.694 552.625 162.231 563.816 2
648.815 436.958 645.459 414.4 0
659.969 508.229 655.401 479.411 0
655.105 476.955 650.275 445.487 0
196.823 588.213 214.209 598.408 2
683.811 654.466 660.313 509.426 0
44.0029 474.835 64.1925 491.148 5
639.284 375.84 630.832 323.092 0
426.722 305.402 458.109 283.786 1
547.503 298.198 550.271 226.861 0
213.998 608.846 247.216 626.223 2
466.226 504.519 448.845 514.722 1
616.521 569.88 599.499 557.948 3
620.407 598.5 602.977 588.38 3
329.797 516.334 311.007 527.517 1
627.855 304.616 612.598 287.481 3
546.425 331.902 547.534 299.355 0
534.273 598.119 535.853 573.061 0
532.041 654.382 533.825 610.603 0
196.98 594.193 178.955 583.857 2
141.476 554.949 122.144 541.489 2
216.372 602.888 198.341 593.94 2
537.281 539.398 538.684 514.336 0
184.975 574.051 205.42 588.416 2
326.587 454.763 278.323 574.455 0
449.341 599.301 430.051 608.12 1
379.371 558.118 420.553 535.494 1
488.396 283.174 495.133 245.537 0
642.502 469.615 638.762 440.384 0
312.523 592.918 319.865 571.613 0
513.606 487.587 537.35 508.844 4
541.555 449.407 542.765 414.363 0
544.795 370.693 546.316 333.052 0
321.604 598.046 327.799 576.78 0
326.037 574.517 318.671 595.814 0
258.615 620.321 266.111 601.569 0
578.429 394.283 580.427 427.988 0
611.383 497.421 595.57 483.186 3
441.562 345.532 467.194 324.768 1
93.8777 512.589 66.5657 493.569 2
538.454 509.224 540.277 483.101 0
553.844 345.553 553.125 375.655 0
662.073 594.343 658.574 572.649 0
408.815 309.814 388.848 323.612 1
574.824 275.61 576.104 313.194 0
383.584 331.288 412.377 311.35 1
33.343 486.521 14.1694 474.709 2
171.8 579.507 149.458 566.729 2
553.173 221.689 614.329 290.81 3
372.971 431.054 343.085 450.563 1
382.368 554.502 388.1 532.19 0
543.514 405.687 544.556 378.085 0
99.1276 527.277 64.2468 505.833 2
375.58 336.859 366.725 361.028 0
527.811 596.071 506.543 581.097 3
650.627 569.482 652.989 596.994 0
376.749 417.387 346.684 436.576 1
344.943 432.745 378.905 410.57 1
375.947 353.566 405.644 331.901 1
394.775 545.739 400.501 525.59 0
367.468 362.126 338.449 430.762 0
410.904 316.023 386.178 333.383 1
625.877 404.344 638.559 506.976 0
339.766 446.268 373.842 425.555 1
395.746 360.785 368.859 381.195 1
364.332 389.318 393.532 367.417 1
459.928 285.151 481.102 270.044 1
437.741 358.84 466.786 338.002 1
428.03 387.971 451.045 373.808 1
426.363 377.353 455.538 357.994 1
367.498 377.72 397.076 355.898 1
391.28 374.013 364.93 393.432 1
532.412 249.317 513.343 485.542 0
484.493 255.794 461.732 271.67 1
371.077 587.749 414.786 565.17 1
454.151 539.68 523.328 590.348 3
403.587 337.522 378.15 355.66 1
514.525 517.957 531.706 533.314 3
577.273 284.004 592.34 300.192 3
630.486 524.648 623.354 455.601 0
389.575 520.317 379.136 555.921 0
294.984 638.04 274.659 648.669 1
277.104 636.09 297.682 625.974 1
353.131 654.389 373.441 645.063 1
443.008 430.126 415.09 445.93 1
466.222 343.455 440.506 361.708 1
576.366 314.286 578.094 376.876 0
178.381 571.49 147.791 551.127 2
375.095 644.546 401.176 631.747 1
462.762 275.122 483.033 260.497 1
614.949 314.305 625.854 403.097 0
362.168 619.954 408.566 596.498 1
304.969 608.006 286.62 617.639 1
454.127 316.527 474.491 302.037 1
438.211 539.148 432.773 567.05 0
452.64 364.967 430.302 381.437 1
367.564 366.591 396.08 346.263 1
380.043 341.577 408.959 321.283 1
452.758 298.861 479.598 279.687 1
359.389 413.143 383.606 395.017 1
485.269 290.559 458.128 437.107 0
70.4523 493.364 91.5491 508.577 2
407.41 326.354 382.435 344.686 1
427.054 597.904 421.801 623.368 0
482.57 264.846 459.135 281.538 1
307.724 556.209 331.792 541.737 1
579.629 443.083 581.176 498.109 0
350.944 487.386 316.885 508.638 1
316.552 502.083 356.682 476.571 1
480.703 274.484 452.434 294.656 1
640.149 521.755 645.439 555.848 0
352.059 471.449 326.577 487.656 1
636.662 574.03 632.707 547.811 0
503.512 578.849 451.747 540.8 3
569.787 535.607 570.351 470.612 0
271.842 616.815 300.696 600.753 1
149.403 549.333 175.484 567.082 2
323.031 482.974 362.993 457.915 1
676.383 625.704 681.002 654.314 0
658.085 563.136 651.855 539.713 0
416.699 437.846 435.754 425.829 1
451.473 470.782 444.388 509.147 0
554.421 301.86 554.041 331.887 0
400.502 482.925 438.313 459.681 1
581.185 505.604 582.79 549.387 0
638.889 439.639 635.031 414.275 0
657.591 634.279 660.287 654.42 0
394.194 506.579 432.972 482.874 1
474.805 454.071 510.861 485.353 4
511.055 488.877 474.117 456.977 4
572.874 248.051 574.814 274.343 0
582.438 551.829 584.603 578.209 0
434.143 452.732 413.836 464.711 1
630.882 384.501 625.779 344.197 0
633.242 353.107 655.747 498.106 0
456.667 443.302 452.915 465.377 0
611.207 291.53 615.331 313.416 0
508.368 516.586 468.29 482.929 3
470.763 481.709 508.259 512.965 3
381.265 402.798 353.322 422.159 1
233.086 625.701 210.731 614.169 2
451.607 654.823 431.909 643.068 3
568.07 326.887 567.371 253.108 0
658.302 514.346 676.661 624.411 0
650.737 529.527 645.747 492.193 0
510.173 519.448 505.067 575.574 0
625.557 343.317 621.677 316.721 0
364.771 450.015 332.673 469.896 1
415.578 421.795 437.33 408.891 1
451.634 309.053 476.651 290.326 1
332.01 462.499 370.322 439.717 1
552.096 414.356 550.593 496.897 0
504.646 581.898 498.543 654.41 0
554.755 225.619 555.065 245.634 0
14.4697 500.469 31.8873 511.046 2
292.897 621.103 312.101 630.271 2
404.926 555.445 384.32 565.513 1
570.999 440.671 569.299 408.064 0
620.332 428.288 614.737 375.454 0
610.979 348.466 605.666 315.023 0
635.44 413.347 631.117 385.356 0
569.106 395.66 568.563 353.103 0
841.821 84.4218 841.056 63.1095 2
623.152 455.513 621.396 435.448 0
468.564 318.667 443.704 338.838 1
318.194 515.739 342.246 501.241 1
550.386 551.893 549.62 595.629 0
307.522 539.698 338.317 519.67 1
437.323 643.619 456.508 654.994 3
550.094 521.862 549.499 545.628 0
629.177 328.16 633.162 350.618 0
99.1448 549.803 121.81 561.996 2
39.4218 505.531 16.8857 494.353 2
